<?xml version="1.0" encoding="utf-8"?>
<RelativeLayout xmlns:android="http://schemas.android.com/apk/res/android"
    android:layout_width="match_parent"
    android:layout_height="match_parent"
    android:orientation="vertical" >

    <TextView
        android:id="@+id/textView1"
        android:layout_width="wrap_content"
        android:layout_height="wrap_content"
        android:layout_alignParentLeft="true"
        android:layout_alignParentTop="true"
        android:text="@string/test_results"
        android:textAppearance="?android:attr/textAppearanceLarge" />

    <ProgressBar
        android:id="@+id/testResultsProgressBar"
        style="?android:attr/progressBarStyleHorizontal"
        android:layout_width="match_parent"
        android:layout_height="wrap_content"
        android:layout_alignParentLeft="true"
        android:layout_below="@+id/textView1"
        android:layout_marginTop="28dp" />

    <TextView
        android:id="@+id/testResultString"
        android:layout_width="match_parent"
        android:layout_height="wrap_content"
        android:layout_alignParentLeft="true"
        android:layout_below="@+id/testResultsProgressBar"
        android:layout_marginTop="23dp"
        android:gravity="center_horizontal"
        android:textAppearance="?android:attr/textAppearanceMedium" />

    <Button
        android:id="@+id/testResultsOkay"
        android:layout_width="wrap_content"
        android:layout_height="wrap_content"
        android:layout_alignParentBottom="true"
        android:layout_centerHorizontal="true"
        android:text="@string/test_result_ok" />

</RelativeLayout>