<?xml version="1.0" encoding="utf-8"?>
<RelativeLayout xmlns:android="http://schemas.android.com/apk/res/android"
    android:id="@+id/relativeLayout"
    android:layout_width="fill_parent"
    android:layout_height="fill_parent"
    android:background="@color/white"
    android:orientation="vertical" >

    <LinearLayout
        android:layout_width="fill_parent"
        android:layout_height="fill_parent"
        android:orientation="vertical" >

        <RelativeLayout
            android:layout_width="fill_parent"
            android:layout_height="55dp"
            android:background="@color/blue_light"
            android:orientation="horizontal"
            android:paddingBottom="5dp"
            android:paddingTop="5dp" >

            <TextView
                android:id="@+id/text"
                android:layout_width="wrap_content"
                android:layout_height="wrap_content"
                android:layout_alignParentLeft="true"
                android:layout_centerVertical="true"
                android:paddingLeft="10dp"
                android:text="@string/results"
                android:textColor="@color/white"
                android:textSize="20dp" />
        </RelativeLayout>

        <LinearLayout
            android:layout_width="fill_parent"
            android:layout_height="fill_parent"
            android:layout_marginLeft="4dp"
            android:layout_marginRight="4dp"
            android:orientation="vertical" >

            <ProgressBar
                android:id="@+id/testResultsProgressBar"
                style="?android:attr/progressBarStyleHorizontal"
                android:layout_width="match_parent"
                android:layout_height="wrap_content"
                android:layout_alignParentLeft="true"
                android:layout_below="@+id/textView1"
                android:layout_marginTop="28dp" />

            <TextView
                android:id="@+id/testResultString"
                android:layout_width="match_parent"
                android:layout_height="wrap_content"
                android:layout_alignParentLeft="true"
                android:layout_below="@+id/testResultsProgressBar"
                android:layout_marginTop="23dp"
                android:gravity="center_horizontal"
                android:textAppearance="?android:attr/textAppearanceMedium" />
        </LinearLayout>
    </LinearLayout>

    <Button
        android:id="@+id/testResultsOkay"
        android:layout_width="fill_parent"
        android:layout_height="wrap_content"
        android:layout_alignParentBottom="true"
        android:layout_centerHorizontal="true"
        android:text="@string/test_result_ok" />

</RelativeLayout>